<?xml version="1.0" encoding="UTF-8"?>
<testng-results skipped="0" failed="0" ignored="0" total="1" passed="1">
  <reporter-output>
  </reporter-output>
  <suite name="Suite1" duration-ms="25621" started-at="2020-11-18T07:29:37Z" finished-at="2020-11-18T07:30:03Z">
    <groups>
      <group name="cucumber">
        <method signature="AbstractTestNGCucumberTests.feature(cucumber.api.testng.CucumberFeatureWrapper)[pri:0, instance:com.nop.commerce.myrunner.OutLineRunner@44c03695]" name="feature" class="cucumber.api.testng.AbstractTestNGCucumberTests"/>
      </group> <!-- cucumber -->
    </groups>
    <test name="Nopackage" duration-ms="25621" started-at="2020-11-18T07:29:37Z" finished-at="2020-11-18T07:30:03Z">
      <class name="com.nop.commerce.myrunner.OutLineRunner">
        <test-method status="PASS" signature="setUpClass()[pri:0, instance:com.nop.commerce.myrunner.OutLineRunner@44c03695]" name="setUpClass" is-config="true" duration-ms="182" started-at="2020-11-18T07:29:37Z" finished-at="2020-11-18T07:29:37Z">
          <reporter-output>
          </reporter-output>
        </test-method> <!-- setUpClass -->
        <test-method status="PASS" signature="feature(cucumber.api.testng.CucumberFeatureWrapper)[pri:0, instance:com.nop.commerce.myrunner.OutLineRunner@44c03695]" name="feature" duration-ms="25322" started-at="2020-11-18T07:29:37Z" description="Runs Cucumber Feature" data-provider="features" finished-at="2020-11-18T07:30:03Z">
          <params>
            <param index="0">
              <value>
                <![CDATA[Login function validations]]>
              </value>
            </param>
          </params>
          <reporter-output>
          </reporter-output>
        </test-method> <!-- feature -->
        <test-method status="PASS" signature="tearDownClass()[pri:0, instance:com.nop.commerce.myrunner.OutLineRunner@44c03695]" name="tearDownClass" is-config="true" duration-ms="34" started-at="2020-11-18T07:30:03Z" finished-at="2020-11-18T07:30:03Z">
          <reporter-output>
          </reporter-output>
        </test-method> <!-- tearDownClass -->
      </class> <!-- com.nop.commerce.myrunner.OutLineRunner -->
    </test> <!-- Nopackage -->
  </suite> <!-- Suite1 -->
</testng-results>
