<?xml version="1.0" encoding="UTF-8"?>
<testng-results skipped="0" failed="0" ignored="0" total="1" passed="1">
  <reporter-output>
  </reporter-output>
  <suite name="Suite1" duration-ms="26087" started-at="2020-11-20T05:17:02Z" finished-at="2020-11-20T05:17:28Z">
    <groups>
      <group name="cucumber">
        <method signature="AbstractTestNGCucumberTests.feature(cucumber.api.testng.CucumberFeatureWrapper)[pri:0, instance:com.nop.commerce.myrunner.OutLineRunner@385e9564]" name="feature" class="cucumber.api.testng.AbstractTestNGCucumberTests"/>
      </group> <!-- cucumber -->
    </groups>
    <test name="Nopackage" duration-ms="26087" started-at="2020-11-20T05:17:02Z" finished-at="2020-11-20T05:17:28Z">
      <class name="com.nop.commerce.myrunner.OutLineRunner">
        <test-method status="PASS" signature="setUpClass()[pri:0, instance:com.nop.commerce.myrunner.OutLineRunner@385e9564]" name="setUpClass" is-config="true" duration-ms="205" started-at="2020-11-20T05:17:02Z" finished-at="2020-11-20T05:17:02Z">
          <reporter-output>
          </reporter-output>
        </test-method> <!-- setUpClass -->
        <test-method status="PASS" signature="feature(cucumber.api.testng.CucumberFeatureWrapper)[pri:0, instance:com.nop.commerce.myrunner.OutLineRunner@385e9564]" name="feature" duration-ms="25760" started-at="2020-11-20T05:17:02Z" description="Runs Cucumber Feature" data-provider="features" finished-at="2020-11-20T05:17:28Z">
          <params>
            <param index="0">
              <value>
                <![CDATA[Login function validations]]>
              </value>
            </param>
          </params>
          <reporter-output>
          </reporter-output>
        </test-method> <!-- feature -->
        <test-method status="PASS" signature="tearDownClass()[pri:0, instance:com.nop.commerce.myrunner.OutLineRunner@385e9564]" name="tearDownClass" is-config="true" duration-ms="23" started-at="2020-11-20T05:17:28Z" finished-at="2020-11-20T05:17:28Z">
          <reporter-output>
          </reporter-output>
        </test-method> <!-- tearDownClass -->
      </class> <!-- com.nop.commerce.myrunner.OutLineRunner -->
    </test> <!-- Nopackage -->
  </suite> <!-- Suite1 -->
</testng-results>
